<?xml version="1.0" encoding="UTF-8"?>
<!-- Generated by org.testng.reporters.JUnitReportReporter -->
<testsuite hostname="DESKTOP-J4IED1J" failures="0" tests="1" name="Tests.HomeMenu" time="28.945" errors="0" timestamp="2021-01-07T02:18:27 CST" skipped="0">
  <testcase classname="Tests.HomeMenu" name="testSearch" time="28.945"/>
  <system-out/>
</testsuite> <!-- Tests.HomeMenu -->
